<?xml version="1.0" encoding="UTF-8"?>
<testsuite xmlns:xsi="http://www.w3.org/2001/XMLSchema-instance" xsi:noNamespaceSchemaLocation="https://maven.apache.org/surefire/maven-surefire-plugin/xsd/surefire-test-report.xsd" name="in.runner.TestRunner" time="106.558" tests="5" errors="0" skipped="0" failures="0">
  <properties>
[...]
</properties>
  <testcase name="To verify user able to buy two wheeler insurance policy" classname="National Insurance Application" time="27.24"/>
  <testcase name="To verify user able to apply private car insurance policy" classname="National Insurance Application" time="19.188"/>
  <testcase name="To verify user able to download policy details in national mediclaim insurance" classname="National Insurance Application" time="20.012"/>
  <testcase name="To verify user able to view required documents in national overseas policy insurance" classname="National Insurance Application" time="20.236"/>
  <testcase name="To verify user able to download policy form in National Bharat Griha Raksha Plus policy" classname="National Insurance Application" time="18.362"/>
</testsuite>